<?xml version="1.0" encoding="UTF-8"?>
<!-- Generated by org.testng.reporters.JUnitReportReporter -->
<testsuite skipped="0" hostname="DESKTOP-JOD0GC0" name="testSuites.RegisterationTest" tests="2" failures="0" timestamp="13 Apr 2020 23:53:14 GMT" time="151.040" errors="0">
  <testcase name="ValidFirstStep" time="108.640" classname="testSuites.RegisterationTest"/>
  <testcase name="ValidConfirmationStep" time="42.400" classname="testSuites.RegisterationTest"/>
</testsuite> <!-- testSuites.RegisterationTest -->
