<?xml version="1.0" encoding="UTF-8"?>
<!-- Generated by org.testng.reporters.JUnitReportReporter -->
<testsuite skipped="0" hostname="DESKTOP-JOD0GC0" name="testSuites.LoginTest" tests="8" failures="0" timestamp="13 Apr 2020 14:59:17 GMT" time="171.999" errors="0">
  <testcase name="InvalidLogin" time="18.269" classname="testSuites.LoginTest"/>
  <testcase name="InvalidLogin" time="16.078" classname="testSuites.LoginTest"/>
  <testcase name="InvalidLogin" time="18.152" classname="testSuites.LoginTest"/>
  <testcase name="InvalidLogin" time="25.132" classname="testSuites.LoginTest"/>
  <testcase name="InvalidLogin" time="19.771" classname="testSuites.LoginTest"/>
  <testcase name="InvalidLogin" time="17.519" classname="testSuites.LoginTest"/>
  <testcase name="validLogin" time="30.121" classname="testSuites.LoginTest"/>
  <testcase name="EmailvalidLogin" time="26.957" classname="testSuites.LoginTest"/>
</testsuite> <!-- testSuites.LoginTest -->
